<?xml version="1.0" encoding="UTF-8"?>
<testng-results ignored="0" total="1" passed="1" failed="0" skipped="0">
  <reporter-output>
  </reporter-output>
  <suite started-at="2020-01-27T07:40:37Z" name="Default suite" finished-at="2020-01-27T07:40:37Z" duration-ms="32">
    <groups>
    </groups>
    <test started-at="2020-01-27T07:40:37Z" name="Default test" finished-at="2020-01-27T07:40:37Z" duration-ms="32">
      <class name="qa.test.test">
        <test-method signature="setUp()[pri:0, instance:qa.test.test@65e98b1c]" started-at="2020-01-27T07:40:37Z" name="setUp" finished-at="2020-01-27T07:40:37Z" duration-ms="10" status="PASS">
          <reporter-output>
          </reporter-output>
        </test-method> <!-- setUp -->
      </class> <!-- qa.test.test -->
    </test> <!-- Default test -->
  </suite> <!-- Default suite -->
</testng-results>
